{"/Users/habeebajide/OSC Assessment/osc-backend/src/middleware/auth.ts": {"path":"/Users/habeebajide/OSC Assessment/osc-backend/src/middleware/auth.ts","statementMap":{"0":{"start":{"line":2,"column":0},"end":{"line":2,"column":44}},"1":{"start":{"line":4,"column":50},"end":{"line":18,"column":1}},"2":{"start":{"line":5,"column":14},"end":{"line":5,"column":47}},"3":{"start":{"line":7,"column":2},"end":{"line":7,"column":46}},"4":{"start":{"line":7,"column":14},"end":{"line":7,"column":46}},"5":{"start":{"line":9,"column":2},"end":{"line":11,"column":3}},"6":{"start":{"line":10,"column":4},"end":{"line":10,"column":27}},"7":{"start":{"line":13,"column":15},"end":{"line":13,"column":33}},"8":{"start":{"line":14,"column":2},"end":{"line":14,"column":46}},"9":{"start":{"line":14,"column":13},"end":{"line":14,"column":46}},"10":{"start":{"line":16,"column":2},"end":{"line":16,"column":22}},"11":{"start":{"line":17,"column":2},"end":{"line":17,"column":16}},"12":{"start":{"line":4,"column":13},"end":{"line":4,"column":50}}},"fnMap":{"0":{"name":"(anonymous_0)","decl":{"start":{"line":4,"column":50},"end":{"line":4,"column":51}},"loc":{"start":{"line":4,"column":72},"end":{"line":18,"column":1}}}},"branchMap":{"0":{"loc":{"start":{"line":7,"column":2},"end":{"line":7,"column":46}},"type":"if","locations":[{"start":{"line":7,"column":2},"end":{"line":7,"column":46}}]},"1":{"loc":{"start":{"line":9,"column":2},"end":{"line":11,"column":3}},"type":"if","locations":[{"start":{"line":9,"column":2},"end":{"line":11,"column":3}}]},"2":{"loc":{"start":{"line":14,"column":2},"end":{"line":14,"column":46}},"type":"if","locations":[{"start":{"line":14,"column":2},"end":{"line":14,"column":46}}]}},"s":{"0":3,"1":3,"2":7,"3":7,"4":0,"5":7,"6":7,"7":7,"8":7,"9":0,"10":7,"11":7,"12":3},"f":{"0":7},"b":{"0":[0],"1":[7],"2":[0]}}
,"/Users/habeebajide/OSC Assessment/osc-backend/src/resolvers/AuthResolver.ts": {"path":"/Users/habeebajide/OSC Assessment/osc-backend/src/resolvers/AuthResolver.ts","statementMap":{"0":{"start":{"line":1,"column":0},"end":{"line":1,"column":55}},"1":{"start":{"line":2,"column":0},"end":{"line":2,"column":30}},"2":{"start":{"line":3,"column":0},"end":{"line":3,"column":31}},"3":{"start":{"line":4,"column":0},"end":{"line":4,"column":41}},"4":{"start":{"line":7,"column":7},"end":{"line":63,"column":null}},"5":{"start":{"line":14,"column":4},"end":{"line":38,"column":5}},"6":{"start":{"line":15,"column":29},"end":{"line":15,"column":60}},"7":{"start":{"line":17,"column":19},"end":{"line":23,"column":8}},"8":{"start":{"line":25,"column":20},"end":{"line":30,"column":null}},"9":{"start":{"line":33,"column":6},"end":{"line":33,"column":46}},"10":{"start":{"line":34,"column":6},"end":{"line":34,"column":19}},"11":{"start":{"line":36,"column":6},"end":{"line":36,"column":46}},"12":{"start":{"line":37,"column":6},"end":{"line":37,"column":45}},"13":{"start":{"line":46,"column":17},"end":{"line":46,"column":70}},"14":{"start":{"line":47,"column":4},"end":{"line":47,"column":54}},"15":{"start":{"line":47,"column":15},"end":{"line":47,"column":54}},"16":{"start":{"line":49,"column":18},"end":{"line":49,"column":63}},"17":{"start":{"line":50,"column":4},"end":{"line":50,"column":55}},"18":{"start":{"line":50,"column":16},"end":{"line":50,"column":55}},"19":{"start":{"line":52,"column":4},"end":{"line":54,"column":5}},"20":{"start":{"line":53,"column":6},"end":{"line":53,"column":51}},"21":{"start":{"line":55,"column":4},"end":{"line":61,"column":6}},"22":{"start":{"line":7,"column":13},"end":{"line":7,"column":25}},"23":{"start":{"line":9,"column":8},"end":{"line":39,"column":null}},"24":{"start":{"line":8,"column":18},"end":{"line":8,"column":24}},"25":{"start":{"line":42,"column":8},"end":{"line":62,"column":null}},"26":{"start":{"line":41,"column":18},"end":{"line":41,"column":24}},"27":{"start":{"line":7,"column":13},"end":{"line":63,"column":null}}},"fnMap":{"0":{"name":"(anonymous_12)","decl":{"start":{"line":9,"column":8},"end":{"line":9,"column":16}},"loc":{"start":{"line":12,"column":60},"end":{"line":39,"column":null}}},"1":{"name":"(anonymous_14)","decl":{"start":{"line":42,"column":8},"end":{"line":42,"column":13}},"loc":{"start":{"line":44,"column":37},"end":{"line":62,"column":null}}},"2":{"name":"(anonymous_16)","decl":{"start":{"line":8,"column":12},"end":{"line":8,"column":15}},"loc":{"start":{"line":8,"column":18},"end":{"line":8,"column":24}}},"3":{"name":"(anonymous_17)","decl":{"start":{"line":41,"column":12},"end":{"line":41,"column":15}},"loc":{"start":{"line":41,"column":18},"end":{"line":41,"column":24}}}},"branchMap":{"0":{"loc":{"start":{"line":21,"column":16},"end":{"line":21,"column":30}},"type":"binary-expr","locations":[{"start":{"line":21,"column":16},"end":{"line":21,"column":20}},{"start":{"line":21,"column":24},"end":{"line":21,"column":30}}]},"1":{"loc":{"start":{"line":47,"column":4},"end":{"line":47,"column":54}},"type":"if","locations":[{"start":{"line":47,"column":4},"end":{"line":47,"column":54}}]},"2":{"loc":{"start":{"line":50,"column":4},"end":{"line":50,"column":55}},"type":"if","locations":[{"start":{"line":50,"column":4},"end":{"line":50,"column":55}}]},"3":{"loc":{"start":{"line":52,"column":4},"end":{"line":54,"column":5}},"type":"if","locations":[{"start":{"line":52,"column":4},"end":{"line":54,"column":5}}]}},"s":{"0":3,"1":3,"2":3,"3":3,"4":3,"5":4,"6":4,"7":4,"8":4,"9":4,"10":4,"11":0,"12":0,"13":1,"14":1,"15":0,"16":1,"17":1,"18":0,"19":1,"20":0,"21":1,"22":3,"23":3,"24":2,"25":3,"26":2,"27":3},"f":{"0":4,"1":1,"2":2,"3":2},"b":{"0":[4,1],"1":[0],"2":[0],"3":[0]}}
,"/Users/habeebajide/OSC Assessment/osc-backend/src/resolvers/CourseResolver.ts": {"path":"/Users/habeebajide/OSC Assessment/osc-backend/src/resolvers/CourseResolver.ts","statementMap":{"0":{"start":{"line":1,"column":0},"end":{"line":1,"column":null}},"1":{"start":{"line":11,"column":0},"end":{"line":11,"column":53}},"2":{"start":{"line":12,"column":0},"end":{"line":12,"column":42}},"3":{"start":{"line":13,"column":0},"end":{"line":13,"column":52}},"4":{"start":{"line":14,"column":0},"end":{"line":14,"column":53}},"5":{"start":{"line":15,"column":0},"end":{"line":15,"column":56}},"6":{"start":{"line":16,"column":0},"end":{"line":16,"column":38}},"7":{"start":{"line":17,"column":0},"end":{"line":17,"column":35}},"8":{"start":{"line":20,"column":18},"end":{"line":20,"column":49}},"9":{"start":{"line":23,"column":7},"end":{"line":89,"column":null}},"10":{"start":{"line":28,"column":21},"end":{"line":28,"column":48}},"11":{"start":{"line":30,"column":4},"end":{"line":37,"column":5}},"12":{"start":{"line":32,"column":25},"end":{"line":32,"column":50}},"13":{"start":{"line":33,"column":6},"end":{"line":36,"column":7}},"14":{"start":{"line":34,"column":8},"end":{"line":34,"column":51}},"15":{"start":{"line":35,"column":8},"end":{"line":35,"column":38}},"16":{"start":{"line":40,"column":20},"end":{"line":40,"column":65}},"17":{"start":{"line":42,"column":4},"end":{"line":44,"column":5}},"18":{"start":{"line":43,"column":6},"end":{"line":43,"column":64}},"19":{"start":{"line":46,"column":4},"end":{"line":46,"column":19}},"20":{"start":{"line":54,"column":4},"end":{"line":54,"column":53}},"21":{"start":{"line":63,"column":4},"end":{"line":68,"column":7}},"22":{"start":{"line":77,"column":4},"end":{"line":80,"column":7}},"23":{"start":{"line":86,"column":4},"end":{"line":86,"column":50}},"24":{"start":{"line":87,"column":4},"end":{"line":87,"column":16}},"25":{"start":{"line":23,"column":13},"end":{"line":23,"column":27}},"26":{"start":{"line":25,"column":8},"end":{"line":47,"column":null}},"27":{"start":{"line":24,"column":15},"end":{"line":24,"column":23}},"28":{"start":{"line":50,"column":8},"end":{"line":55,"column":null}},"29":{"start":{"line":49,"column":23},"end":{"line":49,"column":27}},"30":{"start":{"line":59,"column":8},"end":{"line":69,"column":null}},"31":{"start":{"line":57,"column":18},"end":{"line":57,"column":24}},"32":{"start":{"line":60,"column":24},"end":{"line":60,"column":35}},"33":{"start":{"line":73,"column":8},"end":{"line":81,"column":null}},"34":{"start":{"line":71,"column":18},"end":{"line":71,"column":24}},"35":{"start":{"line":75,"column":24},"end":{"line":75,"column":35}},"36":{"start":{"line":85,"column":8},"end":{"line":88,"column":null}},"37":{"start":{"line":83,"column":18},"end":{"line":83,"column":25}},"38":{"start":{"line":23,"column":13},"end":{"line":89,"column":null}},"39":{"start":{"line":22,"column":16},"end":{"line":22,"column":22}}},"fnMap":{"0":{"name":"(anonymous_12)","decl":{"start":{"line":25,"column":8},"end":{"line":25,"column":15}},"loc":{"start":{"line":26,"column":52},"end":{"line":47,"column":null}}},"1":{"name":"(anonymous_14)","decl":{"start":{"line":50,"column":8},"end":{"line":50,"column":17}},"loc":{"start":{"line":52,"column":27},"end":{"line":55,"column":null}}},"2":{"name":"(anonymous_16)","decl":{"start":{"line":59,"column":8},"end":{"line":59,"column":17}},"loc":{"start":{"line":61,"column":27},"end":{"line":69,"column":null}}},"3":{"name":"(anonymous_18)","decl":{"start":{"line":73,"column":8},"end":{"line":73,"column":20}},"loc":{"start":{"line":75,"column":55},"end":{"line":81,"column":null}}},"4":{"name":"(anonymous_20)","decl":{"start":{"line":85,"column":8},"end":{"line":85,"column":20}},"loc":{"start":{"line":85,"column":42},"end":{"line":88,"column":null}}},"5":{"name":"(anonymous_22)","decl":{"start":{"line":24,"column":9},"end":{"line":24,"column":12}},"loc":{"start":{"line":24,"column":15},"end":{"line":24,"column":23}}},"6":{"name":"(anonymous_23)","decl":{"start":{"line":49,"column":17},"end":{"line":49,"column":20}},"loc":{"start":{"line":49,"column":23},"end":{"line":49,"column":27}}},"7":{"name":"(anonymous_24)","decl":{"start":{"line":57,"column":12},"end":{"line":57,"column":15}},"loc":{"start":{"line":57,"column":18},"end":{"line":57,"column":24}}},"8":{"name":"(anonymous_25)","decl":{"start":{"line":60,"column":18},"end":{"line":60,"column":21}},"loc":{"start":{"line":60,"column":24},"end":{"line":60,"column":35}}},"9":{"name":"(anonymous_26)","decl":{"start":{"line":71,"column":12},"end":{"line":71,"column":15}},"loc":{"start":{"line":71,"column":18},"end":{"line":71,"column":24}}},"10":{"name":"(anonymous_27)","decl":{"start":{"line":75,"column":18},"end":{"line":75,"column":21}},"loc":{"start":{"line":75,"column":24},"end":{"line":75,"column":35}}},"11":{"name":"(anonymous_28)","decl":{"start":{"line":83,"column":12},"end":{"line":83,"column":15}},"loc":{"start":{"line":83,"column":18},"end":{"line":83,"column":25}}},"12":{"name":"(anonymous_29)","decl":{"start":{"line":22,"column":10},"end":{"line":22,"column":13}},"loc":{"start":{"line":22,"column":16},"end":{"line":22,"column":22}}}},"branchMap":{"0":{"loc":{"start":{"line":28,"column":32},"end":{"line":28,"column":46}},"type":"cond-expr","locations":[{"start":{"line":28,"column":32},"end":{"line":28,"column":37}},{"start":{"line":28,"column":41},"end":{"line":28,"column":46}}]},"1":{"loc":{"start":{"line":28,"column":32},"end":{"line":28,"column":41}},"type":"binary-expr","locations":[{"start":{"line":28,"column":32},"end":{"line":28,"column":41}},{"start":{"line":28,"column":32},"end":{"line":28,"column":41}}]},"2":{"loc":{"start":{"line":30,"column":4},"end":{"line":37,"column":5}},"type":"if","locations":[{"start":{"line":30,"column":4},"end":{"line":37,"column":5}}]},"3":{"loc":{"start":{"line":33,"column":6},"end":{"line":36,"column":7}},"type":"if","locations":[{"start":{"line":33,"column":6},"end":{"line":36,"column":7}}]},"4":{"loc":{"start":{"line":42,"column":4},"end":{"line":44,"column":5}},"type":"if","locations":[{"start":{"line":42,"column":4},"end":{"line":44,"column":5}}]}},"s":{"0":3,"1":3,"2":3,"3":3,"4":3,"5":3,"6":3,"7":3,"8":3,"9":3,"10":3,"11":3,"12":0,"13":0,"14":0,"15":0,"16":3,"17":3,"18":0,"19":3,"20":0,"21":3,"22":1,"23":2,"24":2,"25":3,"26":3,"27":2,"28":3,"29":2,"30":3,"31":2,"32":8,"33":3,"34":2,"35":4,"36":3,"37":2,"38":3,"39":22},"f":{"0":3,"1":0,"2":3,"3":1,"4":2,"5":2,"6":2,"7":2,"8":8,"9":2,"10":4,"11":2,"12":22},"b":{"0":[0,3],"1":[3,3],"2":[0],"3":[0],"4":[0]}}
,"/Users/habeebajide/OSC Assessment/osc-backend/src/schema/Course.ts": {"path":"/Users/habeebajide/OSC Assessment/osc-backend/src/schema/Course.ts","statementMap":{"0":{"start":{"line":1,"column":0},"end":{"line":1,"column":53}},"1":{"start":{"line":4,"column":7},"end":{"line":38,"column":null}},"2":{"start":{"line":31,"column":4},"end":{"line":31,"column":17}},"3":{"start":{"line":32,"column":4},"end":{"line":32,"column":23}},"4":{"start":{"line":33,"column":4},"end":{"line":33,"column":35}},"5":{"start":{"line":34,"column":4},"end":{"line":34,"column":29}},"6":{"start":{"line":35,"column":4},"end":{"line":35,"column":27}},"7":{"start":{"line":36,"column":4},"end":{"line":36,"column":35}},"8":{"start":{"line":4,"column":13},"end":{"line":4,"column":19}},"9":{"start":{"line":6,"column":2},"end":{"line":6,"column":null}},"10":{"start":{"line":5,"column":15},"end":{"line":5,"column":17}},"11":{"start":{"line":9,"column":2},"end":{"line":9,"column":null}},"12":{"start":{"line":12,"column":2},"end":{"line":12,"column":null}},"13":{"start":{"line":15,"column":2},"end":{"line":15,"column":null}},"14":{"start":{"line":18,"column":2},"end":{"line":18,"column":null}},"15":{"start":{"line":21,"column":2},"end":{"line":21,"column":null}},"16":{"start":{"line":4,"column":13},"end":{"line":38,"column":null}}},"fnMap":{"0":{"name":"(anonymous_2)","decl":{"start":{"line":23,"column":2},"end":{"line":23,"column":null}},"loc":{"start":{"line":29,"column":23},"end":{"line":37,"column":3}}},"1":{"name":"(anonymous_3)","decl":{"start":{"line":5,"column":9},"end":{"line":5,"column":12}},"loc":{"start":{"line":5,"column":15},"end":{"line":5,"column":17}}}},"branchMap":{},"s":{"0":3,"1":3,"2":0,"3":0,"4":0,"5":0,"6":0,"7":0,"8":3,"9":3,"10":2,"11":3,"12":3,"13":3,"14":3,"15":3,"16":3},"f":{"0":0,"1":2},"b":{}}
,"/Users/habeebajide/OSC Assessment/osc-backend/src/schema/CourseInput.ts": {"path":"/Users/habeebajide/OSC Assessment/osc-backend/src/schema/CourseInput.ts","statementMap":{"0":{"start":{"line":1,"column":0},"end":{"line":1,"column":48}},"1":{"start":{"line":4,"column":7},"end":{"line":15,"column":null}},"2":{"start":{"line":6,"column":2},"end":{"line":6,"column":21}},"3":{"start":{"line":9,"column":2},"end":{"line":9,"column":27}},"4":{"start":{"line":11,"column":2},"end":{"line":11,"column":24}},"5":{"start":{"line":14,"column":2},"end":{"line":14,"column":23}},"6":{"start":{"line":4,"column":13},"end":{"line":4,"column":24}},"7":{"start":{"line":6,"column":2},"end":{"line":6,"column":null}},"8":{"start":{"line":9,"column":2},"end":{"line":9,"column":null}},"9":{"start":{"line":11,"column":2},"end":{"line":11,"column":null}},"10":{"start":{"line":14,"column":2},"end":{"line":14,"column":null}},"11":{"start":{"line":4,"column":13},"end":{"line":15,"column":null}}},"fnMap":{"0":{"name":"(anonymous_2)","decl":{"start":{"line":4,"column":7},"end":{"line":4,"column":13}},"loc":{"start":{"line":4,"column":7},"end":{"line":15,"column":1}}}},"branchMap":{},"s":{"0":3,"1":3,"2":6,"3":6,"4":6,"5":6,"6":3,"7":3,"8":3,"9":3,"10":3,"11":3},"f":{"0":6},"b":{}}
,"/Users/habeebajide/OSC Assessment/osc-backend/src/schema/User.ts": {"path":"/Users/habeebajide/OSC Assessment/osc-backend/src/schema/User.ts","statementMap":{"0":{"start":{"line":1,"column":0},"end":{"line":1,"column":53}},"1":{"start":{"line":4,"column":7},"end":{"line":13,"column":null}},"2":{"start":{"line":4,"column":13},"end":{"line":4,"column":17}},"3":{"start":{"line":6,"column":2},"end":{"line":6,"column":null}},"4":{"start":{"line":5,"column":15},"end":{"line":5,"column":17}},"5":{"start":{"line":9,"column":2},"end":{"line":9,"column":null}},"6":{"start":{"line":12,"column":2},"end":{"line":12,"column":null}},"7":{"start":{"line":4,"column":13},"end":{"line":13,"column":null}}},"fnMap":{"0":{"name":"(anonymous_2)","decl":{"start":{"line":5,"column":9},"end":{"line":5,"column":12}},"loc":{"start":{"line":5,"column":15},"end":{"line":5,"column":17}}}},"branchMap":{},"s":{"0":3,"1":3,"2":3,"3":3,"4":2,"5":3,"6":3,"7":3},"f":{"0":2},"b":{}}
,"/Users/habeebajide/OSC Assessment/osc-backend/src/utils/auth.ts": {"path":"/Users/habeebajide/OSC Assessment/osc-backend/src/utils/auth.ts","statementMap":{"0":{"start":{"line":1,"column":0},"end":{"line":1,"column":31}},"1":{"start":{"line":2,"column":0},"end":{"line":2,"column":30}},"2":{"start":{"line":5,"column":0},"end":{"line":5,"column":34}},"3":{"start":{"line":7,"column":19},"end":{"line":7,"column":66}},"4":{"start":{"line":9,"column":28},"end":{"line":10,"column":28}},"5":{"start":{"line":9,"column":55},"end":{"line":10,"column":28}},"6":{"start":{"line":10,"column":2},"end":{"line":10,"column":28}},"7":{"start":{"line":9,"column":13},"end":{"line":9,"column":28}},"8":{"start":{"line":12,"column":32},"end":{"line":13,"column":33}},"9":{"start":{"line":12,"column":73},"end":{"line":13,"column":33}},"10":{"start":{"line":13,"column":2},"end":{"line":13,"column":33}},"11":{"start":{"line":12,"column":13},"end":{"line":12,"column":32}},"12":{"start":{"line":15,"column":29},"end":{"line":20,"column":4}},"13":{"start":{"line":16,"column":2},"end":{"line":20,"column":4}},"14":{"start":{"line":15,"column":13},"end":{"line":15,"column":29}},"15":{"start":{"line":22,"column":27},"end":{"line":30,"column":1}},"16":{"start":{"line":23,"column":2},"end":{"line":29,"column":3}},"17":{"start":{"line":24,"column":4},"end":{"line":24,"column":46}},"18":{"start":{"line":25,"column":4},"end":{"line":25,"column":41}},"19":{"start":{"line":27,"column":4},"end":{"line":27,"column":50}},"20":{"start":{"line":28,"column":4},"end":{"line":28,"column":48}},"21":{"start":{"line":22,"column":13},"end":{"line":22,"column":27}},"22":{"start":{"line":32,"column":46},"end":{"line":42,"column":2}},"23":{"start":{"line":32,"column":74},"end":{"line":42,"column":2}},"24":{"start":{"line":33,"column":2},"end":{"line":35,"column":3}},"25":{"start":{"line":34,"column":4},"end":{"line":34,"column":36}},"26":{"start":{"line":37,"column":2},"end":{"line":39,"column":3}},"27":{"start":{"line":38,"column":4},"end":{"line":38,"column":41}},"28":{"start":{"line":41,"column":2},"end":{"line":41,"column":16}},"29":{"start":{"line":32,"column":13},"end":{"line":32,"column":46}},"30":{"start":{"line":44,"column":53},"end":{"line":61,"column":2}},"31":{"start":{"line":47,"column":4},"end":{"line":61,"column":2}},"32":{"start":{"line":48,"column":2},"end":{"line":48,"column":53}},"33":{"start":{"line":48,"column":21},"end":{"line":48,"column":53}},"34":{"start":{"line":50,"column":17},"end":{"line":50,"column":75}},"35":{"start":{"line":51,"column":2},"end":{"line":51,"column":51}},"36":{"start":{"line":51,"column":15},"end":{"line":51,"column":51}},"37":{"start":{"line":53,"column":2},"end":{"line":58,"column":3}},"38":{"start":{"line":57,"column":4},"end":{"line":57,"column":41}},"39":{"start":{"line":60,"column":2},"end":{"line":60,"column":16}},"40":{"start":{"line":44,"column":13},"end":{"line":44,"column":53}}},"fnMap":{"0":{"name":"(anonymous_8)","decl":{"start":{"line":9,"column":28},"end":{"line":9,"column":35}},"loc":{"start":{"line":9,"column":55},"end":{"line":10,"column":28}}},"1":{"name":"(anonymous_9)","decl":{"start":{"line":9,"column":55},"end":{"line":9,"column":null}},"loc":{"start":{"line":9,"column":55},"end":{"line":10,"column":28}}},"2":{"name":"(anonymous_10)","decl":{"start":{"line":12,"column":32},"end":{"line":12,"column":39}},"loc":{"start":{"line":12,"column":73},"end":{"line":13,"column":33}}},"3":{"name":"(anonymous_11)","decl":{"start":{"line":12,"column":73},"end":{"line":12,"column":null}},"loc":{"start":{"line":12,"column":73},"end":{"line":13,"column":33}}},"4":{"name":"(anonymous_12)","decl":{"start":{"line":15,"column":29},"end":{"line":15,"column":30}},"loc":{"start":{"line":16,"column":2},"end":{"line":20,"column":4}}},"5":{"name":"(anonymous_13)","decl":{"start":{"line":22,"column":27},"end":{"line":22,"column":28}},"loc":{"start":{"line":22,"column":45},"end":{"line":30,"column":1}}},"6":{"name":"(anonymous_14)","decl":{"start":{"line":32,"column":46},"end":{"line":32,"column":53}},"loc":{"start":{"line":32,"column":74},"end":{"line":42,"column":2}}},"7":{"name":"(anonymous_15)","decl":{"start":{"line":32,"column":74},"end":{"line":32,"column":null}},"loc":{"start":{"line":32,"column":70},"end":{"line":42,"column":1}}},"8":{"name":"(anonymous_16)","decl":{"start":{"line":44,"column":53},"end":{"line":44,"column":null}},"loc":{"start":{"line":47,"column":4},"end":{"line":61,"column":2}}},"9":{"name":"(anonymous_17)","decl":{"start":{"line":47,"column":4},"end":{"line":47,"column":null}},"loc":{"start":{"line":46,"column":6},"end":{"line":61,"column":1}}}},"branchMap":{"0":{"loc":{"start":{"line":7,"column":19},"end":{"line":7,"column":66}},"type":"cond-expr","locations":[{"start":{"line":7,"column":41},"end":{"line":7,"column":45}},{"start":{"line":7,"column":45},"end":{"line":7,"column":66}}]},"1":{"loc":{"start":{"line":7,"column":19},"end":{"line":7,"column":45}},"type":"binary-expr","locations":[{"start":{"line":7,"column":19},"end":{"line":7,"column":45}},{"start":{"line":7,"column":41},"end":{"line":7,"column":45}}]},"2":{"loc":{"start":{"line":17,"column":15},"end":{"line":19,"column":12}},"type":"cond-expr","locations":[{"start":{"line":18,"column":8},"end":{"line":18,"column":44}},{"start":{"line":19,"column":8},"end":{"line":19,"column":12}}]},"3":{"loc":{"start":{"line":33,"column":2},"end":{"line":35,"column":3}},"type":"if","locations":[{"start":{"line":33,"column":2},"end":{"line":35,"column":3}}]},"4":{"loc":{"start":{"line":37,"column":2},"end":{"line":39,"column":3}},"type":"if","locations":[{"start":{"line":37,"column":2},"end":{"line":39,"column":3}}]},"5":{"loc":{"start":{"line":48,"column":2},"end":{"line":48,"column":53}},"type":"if","locations":[{"start":{"line":48,"column":2},"end":{"line":48,"column":53}}]},"6":{"loc":{"start":{"line":51,"column":2},"end":{"line":51,"column":51}},"type":"if","locations":[{"start":{"line":51,"column":2},"end":{"line":51,"column":51}}]},"7":{"loc":{"start":{"line":53,"column":2},"end":{"line":58,"column":3}},"type":"if","locations":[{"start":{"line":53,"column":2},"end":{"line":58,"column":3}}]},"8":{"loc":{"start":{"line":54,"column":4},"end":{"line":55,"column":46}},"type":"binary-expr","locations":[{"start":{"line":54,"column":4},"end":{"line":54,"column":33}},{"start":{"line":55,"column":4},"end":{"line":55,"column":46}}]}},"s":{"0":3,"1":3,"2":3,"3":3,"4":3,"5":0,"6":0,"7":3,"8":3,"9":0,"10":0,"11":3,"12":3,"13":0,"14":3,"15":3,"16":7,"17":7,"18":7,"19":0,"20":0,"21":3,"22":3,"23":3,"24":3,"25":0,"26":3,"27":1,"28":2,"29":3,"30":3,"31":1,"32":1,"33":0,"34":1,"35":1,"36":0,"37":1,"38":0,"39":1,"40":3},"f":{"0":0,"1":0,"2":0,"3":0,"4":0,"5":7,"6":3,"7":3,"8":1,"9":1},"b":{"0":[3,0],"1":[3,3],"2":[0,0],"3":[0],"4":[1],"5":[0],"6":[0],"7":[0],"8":[1,1]}}
,"/Users/habeebajide/OSC Assessment/osc-backend/src/utils/prisma.ts": {"path":"/Users/habeebajide/OSC Assessment/osc-backend/src/utils/prisma.ts","statementMap":{"0":{"start":{"line":1,"column":0},"end":{"line":1,"column":52}},"1":{"start":{"line":2,"column":0},"end":{"line":2,"column":36}},"2":{"start":{"line":4,"column":13},"end":{"line":4,"column":41}},"3":{"start":{"line":6,"column":19},"end":{"line":15,"column":2}},"4":{"start":{"line":8,"column":30},"end":{"line":15,"column":2}},"5":{"start":{"line":9,"column":16},"end":{"line":11,"column":4}},"6":{"start":{"line":13,"column":18},"end":{"line":13,"column":63}},"7":{"start":{"line":13,"column":46},"end":{"line":13,"column":61}},"8":{"start":{"line":14,"column":2},"end":{"line":14,"column":54}},"9":{"start":{"line":14,"column":29},"end":{"line":14,"column":53}},"10":{"start":{"line":17,"column":13},"end":{"line":17,"column":74}}},"fnMap":{"0":{"name":"(anonymous_8)","decl":{"start":{"line":6,"column":19},"end":{"line":6,"column":null}},"loc":{"start":{"line":8,"column":30},"end":{"line":15,"column":2}}},"1":{"name":"(anonymous_9)","decl":{"start":{"line":8,"column":30},"end":{"line":8,"column":null}},"loc":{"start":{"line":8,"column":30},"end":{"line":15,"column":1}}},"2":{"name":"(anonymous_10)","decl":{"start":{"line":13,"column":36},"end":{"line":13,"column":37}},"loc":{"start":{"line":13,"column":46},"end":{"line":13,"column":61}}},"3":{"name":"(anonymous_11)","decl":{"start":{"line":14,"column":21},"end":{"line":14,"column":22}},"loc":{"start":{"line":14,"column":28},"end":{"line":14,"column":53}}}},"branchMap":{"0":{"loc":{"start":{"line":14,"column":29},"end":{"line":14,"column":52}},"type":"cond-expr","locations":[{"start":{"line":14,"column":44},"end":{"line":14,"column":48}},{"start":{"line":14,"column":48},"end":{"line":14,"column":52}}]},"1":{"loc":{"start":{"line":14,"column":29},"end":{"line":14,"column":48}},"type":"binary-expr","locations":[{"start":{"line":14,"column":29},"end":{"line":14,"column":48}},{"start":{"line":14,"column":44},"end":{"line":14,"column":48}}]}},"s":{"0":3,"1":3,"2":3,"3":3,"4":0,"5":0,"6":0,"7":0,"8":0,"9":0,"10":3},"f":{"0":0,"1":0,"2":0,"3":0},"b":{"0":[0,0],"1":[0,0]}}
,"/Users/habeebajide/OSC Assessment/osc-backend/src/utils/redis.ts": {"path":"/Users/habeebajide/OSC Assessment/osc-backend/src/utils/redis.ts","statementMap":{"0":{"start":{"line":1,"column":0},"end":{"line":1,"column":28}},"1":{"start":{"line":3,"column":14},"end":{"line":6,"column":2}},"2":{"start":{"line":8,"column":0},"end":{"line":8,"column":63}},"3":{"start":{"line":8,"column":26},"end":{"line":8,"column":61}},"4":{"start":{"line":9,"column":0},"end":{"line":9,"column":65}},"5":{"start":{"line":9,"column":27},"end":{"line":9,"column":63}},"6":{"start":{"line":11,"column":0},"end":{"line":11,"column":21}}},"fnMap":{"0":{"name":"(anonymous_1)","decl":{"start":{"line":8,"column":20},"end":{"line":8,"column":23}},"loc":{"start":{"line":8,"column":26},"end":{"line":8,"column":61}}},"1":{"name":"(anonymous_2)","decl":{"start":{"line":9,"column":18},"end":{"line":9,"column":19}},"loc":{"start":{"line":9,"column":27},"end":{"line":9,"column":63}}}},"branchMap":{},"s":{"0":3,"1":3,"2":3,"3":2,"4":3,"5":0,"6":3},"f":{"0":2,"1":0},"b":{}}
}
