TN:
SF:src/middleware/auth.ts
FN:4,(anonymous_0)
FNF:1
FNH:1
FNDA:7,(anonymous_0)
DA:2,3
DA:4,3
DA:5,7
DA:7,7
DA:9,7
DA:10,7
DA:13,7
DA:14,7
DA:16,7
DA:17,7
LF:10
LH:10
BRDA:7,0,0,0
BRDA:9,1,0,7
BRDA:14,2,0,0
BRF:3
BRH:1
end_of_record
TN:
SF:src/resolvers/AuthResolver.ts
FN:9,(anonymous_12)
FN:42,(anonymous_14)
FN:8,(anonymous_16)
FN:41,(anonymous_17)
FNF:4
FNH:4
FNDA:4,(anonymous_12)
FNDA:1,(anonymous_14)
FNDA:2,(anonymous_16)
FNDA:2,(anonymous_17)
DA:1,3
DA:2,3
DA:3,3
DA:4,3
DA:7,3
DA:8,2
DA:9,3
DA:14,4
DA:15,4
DA:17,4
DA:25,4
DA:33,4
DA:34,4
DA:36,0
DA:37,0
DA:41,2
DA:42,3
DA:46,1
DA:47,1
DA:49,1
DA:50,1
DA:52,1
DA:53,0
DA:55,1
LF:24
LH:21
BRDA:21,0,0,4
BRDA:21,0,1,1
BRDA:47,1,0,0
BRDA:50,2,0,0
BRDA:52,3,0,0
BRF:5
BRH:2
end_of_record
TN:
SF:src/resolvers/CourseResolver.ts
FN:25,(anonymous_12)
FN:50,(anonymous_14)
FN:59,(anonymous_16)
FN:73,(anonymous_18)
FN:85,(anonymous_20)
FN:24,(anonymous_22)
FN:49,(anonymous_23)
FN:57,(anonymous_24)
FN:60,(anonymous_25)
FN:71,(anonymous_26)
FN:75,(anonymous_27)
FN:83,(anonymous_28)
FN:22,(anonymous_29)
FNF:13
FNH:12
FNDA:3,(anonymous_12)
FNDA:0,(anonymous_14)
FNDA:3,(anonymous_16)
FNDA:1,(anonymous_18)
FNDA:2,(anonymous_20)
FNDA:2,(anonymous_22)
FNDA:2,(anonymous_23)
FNDA:2,(anonymous_24)
FNDA:8,(anonymous_25)
FNDA:2,(anonymous_26)
FNDA:4,(anonymous_27)
FNDA:2,(anonymous_28)
FNDA:22,(anonymous_29)
DA:1,3
DA:11,3
DA:12,3
DA:13,3
DA:14,3
DA:15,3
DA:16,3
DA:17,3
DA:20,3
DA:22,22
DA:23,3
DA:24,2
DA:25,3
DA:28,3
DA:30,3
DA:32,0
DA:33,0
DA:34,0
DA:35,0
DA:40,3
DA:42,3
DA:43,0
DA:46,3
DA:49,2
DA:50,3
DA:54,0
DA:57,2
DA:59,3
DA:60,8
DA:63,3
DA:71,2
DA:73,3
DA:75,4
DA:77,1
DA:83,2
DA:85,3
DA:86,2
DA:87,2
LF:38
LH:32
BRDA:28,0,0,0
BRDA:28,0,1,3
BRDA:28,1,0,3
BRDA:28,1,1,3
BRDA:30,2,0,0
BRDA:33,3,0,0
BRDA:42,4,0,0
BRF:7
BRH:3
end_of_record
TN:
SF:src/schema/Course.ts
FN:23,(anonymous_2)
FN:5,(anonymous_3)
FNF:2
FNH:1
FNDA:0,(anonymous_2)
FNDA:2,(anonymous_3)
DA:1,3
DA:4,3
DA:5,2
DA:6,3
DA:9,3
DA:12,3
DA:15,3
DA:18,3
DA:21,3
DA:31,0
DA:32,0
DA:33,0
DA:34,0
DA:35,0
DA:36,0
LF:15
LH:9
BRF:0
BRH:0
end_of_record
TN:
SF:src/schema/CourseInput.ts
FN:4,(anonymous_2)
FNF:1
FNH:1
FNDA:6,(anonymous_2)
DA:1,3
DA:4,3
DA:6,6
DA:9,6
DA:11,6
DA:14,6
LF:6
LH:6
BRF:0
BRH:0
end_of_record
TN:
SF:src/schema/User.ts
FN:5,(anonymous_2)
FNF:1
FNH:1
FNDA:2,(anonymous_2)
DA:1,3
DA:4,3
DA:5,2
DA:6,3
DA:9,3
DA:12,3
LF:6
LH:6
BRF:0
BRH:0
end_of_record
TN:
SF:src/utils/auth.ts
FN:9,(anonymous_8)
FN:9,(anonymous_9)
FN:12,(anonymous_10)
FN:12,(anonymous_11)
FN:15,(anonymous_12)
FN:22,(anonymous_13)
FN:32,(anonymous_14)
FN:32,(anonymous_15)
FN:44,(anonymous_16)
FN:47,(anonymous_17)
FNF:10
FNH:5
FNDA:0,(anonymous_8)
FNDA:0,(anonymous_9)
FNDA:0,(anonymous_10)
FNDA:0,(anonymous_11)
FNDA:0,(anonymous_12)
FNDA:7,(anonymous_13)
FNDA:3,(anonymous_14)
FNDA:3,(anonymous_15)
FNDA:1,(anonymous_16)
FNDA:1,(anonymous_17)
DA:1,3
DA:2,3
DA:5,3
DA:7,3
DA:9,3
DA:10,0
DA:12,3
DA:13,0
DA:15,3
DA:16,0
DA:22,3
DA:23,7
DA:24,7
DA:25,7
DA:27,0
DA:28,0
DA:32,3
DA:33,3
DA:34,0
DA:37,3
DA:38,1
DA:41,2
DA:44,3
DA:47,1
DA:48,1
DA:50,1
DA:51,1
DA:53,1
DA:57,0
DA:60,1
LF:30
LH:23
BRDA:7,0,0,3
BRDA:7,0,1,0
BRDA:7,1,0,3
BRDA:7,1,1,3
BRDA:17,2,0,0
BRDA:17,2,1,0
BRDA:33,3,0,0
BRDA:37,4,0,1
BRDA:48,5,0,0
BRDA:51,6,0,0
BRDA:53,7,0,0
BRDA:54,8,0,1
BRDA:54,8,1,1
BRF:13
BRH:6
end_of_record
TN:
SF:src/utils/prisma.ts
FN:6,(anonymous_8)
FN:8,(anonymous_9)
FN:13,(anonymous_10)
FN:14,(anonymous_11)
FNF:4
FNH:0
FNDA:0,(anonymous_8)
FNDA:0,(anonymous_9)
FNDA:0,(anonymous_10)
FNDA:0,(anonymous_11)
DA:1,3
DA:2,3
DA:4,3
DA:6,3
DA:8,0
DA:9,0
DA:13,0
DA:14,0
DA:17,3
LF:9
LH:5
BRDA:14,0,0,0
BRDA:14,0,1,0
BRDA:14,1,0,0
BRDA:14,1,1,0
BRF:4
BRH:0
end_of_record
TN:
SF:src/utils/redis.ts
FN:8,(anonymous_1)
FN:9,(anonymous_2)
FNF:2
FNH:1
FNDA:2,(anonymous_1)
FNDA:0,(anonymous_2)
DA:1,3
DA:3,3
DA:8,3
DA:9,3
DA:11,3
LF:5
LH:5
BRF:0
BRH:0
end_of_record
